<?xml version="1.0" encoding="UTF-8"?>
<!-- Generated by org.testng.reporters.JUnitReportReporter -->
<testsuite hostname="DESKTOP-21DTESI" failures="0" tests="1" name="TestCases.TC_LoginTest_001" time="0.599" errors="0" timestamp="19 Jan 2024 21:41:27 GMT">
  <testcase classname="TestCases.TC_LoginTest_001" name="loginTest" time="0.599"/>
</testsuite> <!-- TestCases.TC_LoginTest_001 -->
