<?xml version="1.0" encoding="UTF-8"?>
<!-- Generated by org.testng.reporters.JUnitReportReporter -->
<testsuite hostname="DESKTOP-21DTESI" failures="0" tests="1" name="TestCases.TC_AddNewAddress_005" time="6.088" errors="0" timestamp="6 Feb 2024 20:31:41 GMT">
  <testcase classname="TestCases.TC_AddNewAddress_005" name="changeBillingAddress" time="6.088"/>
</testsuite> <!-- TestCases.TC_AddNewAddress_005 -->
