<?xml version="1.0" encoding="UTF-8"?>
<!-- Generated by org.testng.reporters.JUnitReportReporter -->
<testsuite hostname="DESKTOP-21DTESI" failures="0" tests="1" name="TestCases.TC_ChangeBillingAddress_004" time="6.279" errors="0" timestamp="6 Feb 2024 20:31:41 GMT">
  <testcase classname="TestCases.TC_ChangeBillingAddress_004" name="changeBillingAddress" time="6.279"/>
</testsuite> <!-- TestCases.TC_ChangeBillingAddress_004 -->
