<?xml version="1.0" encoding="UTF-8"?>
<!-- Generated by org.testng.reporters.JUnitReportReporter -->
<testsuite hostname="DESKTOP-21DTESI" failures="0" tests="1" name="TestCases.TC_LoginTest_001" time="10.530" errors="0" timestamp="23 Feb 2024 16:18:34 GMT">
  <testcase classname="TestCases.TC_LoginTest_001" name="loginTest" time="10.530"/>
</testsuite> <!-- TestCases.TC_LoginTest_001 -->
